# run testt with python3 -m doctest -v ./test/3-say_my_name.txt

We first import our module:
>>> say_my_name = __import__('3-say_my_name').say_my_name

SUCCESS:
    Test on full names:
>>> say_my_name("Alex", "kin")
My name is Alexkin

    Test on one argument:
>>> say_my_name("Alex", "")
My name is Alex

>>> say_my_name("Alex")
My name is Alex

    Test with a number converted to a string
>>> say_my_name("1","2")
My name is 12


FAIL:
    Test with no parameter:
>>> say_my_name()
Traceback (most recent call last):
  ...
TypeError: say_my_name() missing 1 required positional argument: 'first_name'

    Test with an integer:
Traceback (most recent call last):
  File "<stdin>", line 1, in <module>
  File "<stdin>", line 3, in say_my_name
TypeError: first_name must be a string

    Test with a float:

>>> say_my_name(-1,0)
Traceback (most recent call last):
...
TypeError: first_name must be a string


    Test with extra argumets:
>>> say_my_name("Alex", "kin", "me")
Traceback (most recent call last):
  ...
TypeError: say_my_name() takes from 1 to 2 positional arguments but 3 were given
>>> 

Test other data types:
>>> say_my_name("Al", ["Ng", "Hey"])
Traceback (most recent call last):
...
TypeError: last_name must be a string

    Test with few arguments

>>> say_my_name()
Traceback (most recent call last):
...
TypeError: say_my_name() missing 1 required positional argument: 'first_name'


>>> say_my_name(None)
    Traceback (most recent call last):
      File "/usr/lib/python3.11/doctest.py", line 1351, in __run
        exec(compile(example.source, filename, "single",
      File "<doctest 3-say_my_name.txt[10]>", line 1, in <module>
        say_my_name(None)
      File "/home/was-removed/myFiles/ALXPROG/alx-higher_level_programming/0x07-python-test_driven_development/3-say_my_name.py", line 5, in say_my_name
        raise TypeError("first_name must be a string")
    TypeError: first_name must be a string
